<?xml version="1.0" encoding="UTF-8"?>
<!-- Generated by org.testng.reporters.JUnitReportReporter -->
<testsuite hostname="TYC1221031" failures="0" tests="1" name="com.comcastcrm.organizationtest.CreateOrgWithPhoneNumber" time="15.245" errors="0" timestamp="2023-07-21T12:11:20 IST" skipped="0">
  <testcase classname="com.comcastcrm.organizationtest.CreateOrgWithPhoneNumber" name="createOrgWithMobileNum" time="15.245"/>
  <system-out>
    <![CDATA[instagram__1979is verified PASS
9880008898is verified PASS]]>
  </system-out>
</testsuite> <!-- com.comcastcrm.organizationtest.CreateOrgWithPhoneNumber -->
