<?xml version="1.0" encoding="UTF-8"?>
<!-- Generated by org.testng.reporters.JUnitReportReporter -->
<testsuite hostname="TYSS-Deepak" failures="0" tests="1" name="com.comcastcrm.contacttest.CreateContactOrgTest" time="21.130" errors="0" timestamp="2023-06-30T16:49:19 IST" skipped="0">
  <testcase classname="com.comcastcrm.contacttest.CreateContactOrgTest" name="createOrgTest" time="21.130"/>
  <system-out/>
</testsuite> <!-- com.comcastcrm.contacttest.CreateContactOrgTest -->
