<?xml version="1.0" encoding="UTF-8"?>
<!-- Generated by org.testng.reporters.JUnitReportReporter -->
<testsuite hostname="TYSS-Deepak" failures="0" tests="1" name="com.comcastcrm.organizationtest.CreateOrgWithMobileNumTest" time="0.007" errors="0" timestamp="2023-06-29T10:58:58 IST" skipped="0">
  <testcase classname="com.comcastcrm.organizationtest.CreateOrgWithMobileNumTest" name="createOrgWithMobileNum" time="0.007"/>
  <system-out/>
</testsuite> <!-- com.comcastcrm.organizationtest.CreateOrgWithMobileNumTest -->
