<?xml version="1.0" encoding="UTF-8"?>
<!-- Generated by org.testng.reporters.JUnitReportReporter -->
<testsuite hostname="TYC1221031" failures="0" tests="3" name="practice.TestNG" time="0.009" errors="0" timestamp="2023-07-05T12:27:25 IST" skipped="1">
  <testcase classname="practice.TestNG" name="test3" time="0.002"/>
  <system-out/>
  <testcase classname="practice.TestNG" name="btest1" time="0.007"/>
  <system-out/>
  <testcase classname="practice.TestNG" name="atest2">
    <skipped/>
  </testcase> <!-- atest2 -->
  <system-out/>
</testsuite> <!-- practice.TestNG -->
