<?xml version="1.0" encoding="UTF-8"?>
<!-- Generated by org.testng.reporters.JUnitReportReporter -->
<testsuite hostname="TYC1221031" failures="0" tests="1" name="com.comcastcrm.organizationtest.Debug" time="0.007" errors="0" timestamp="2023-07-04T16:15:27 IST" skipped="0">
  <testcase classname="com.comcastcrm.organizationtest.Debug" name="m1" time="0.007"/>
  <system-out/>
</testsuite> <!-- com.comcastcrm.organizationtest.Debug -->
