<?xml version="1.0" encoding="UTF-8"?>
<!-- Generated by org.testng.reporters.JUnitReportReporter -->
<testsuite hostname="TYC1221031" failures="0" tests="3" name="practice.DataProviderTest" time="0.016" errors="0" timestamp="2023-07-06T13:12:12 IST" skipped="0">
  <testcase classname="practice.DataProviderTest" name="getBookDetails" time="0.004"/>
  <system-out/>
  <testcase classname="practice.DataProviderTest" name="getBookDetails" time="0.003"/>
  <system-out/>
  <testcase classname="practice.DataProviderTest" name="getBookDetails" time="0.009"/>
  <system-out/>
</testsuite> <!-- practice.DataProviderTest -->
