<?xml version="1.0" encoding="UTF-8"?>
<!-- Generated by org.testng.reporters.JUnitReportReporter -->
<testsuite hostname="TYC1221031" failures="0" tests="2" name="practice.DPTest" time="31.100" errors="0" timestamp="2023-07-06T12:53:23 IST" skipped="0">
  <testcase classname="practice.DPTest" name="dpTest" time="13.989"/>
  <system-out/>
  <testcase classname="practice.DPTest" name="dpTest" time="17.111"/>
  <system-out/>
</testsuite> <!-- practice.DPTest -->
