<?xml version="1.0" encoding="UTF-8"?>
<!-- Generated by org.testng.reporters.JUnitReportReporter -->
<testsuite hostname="TYSS-Deepak" failures="0" tests="1" name="com.comcastcrm.contacttest.CreateContactSupportDateTest" time="14.550" errors="0" timestamp="2023-06-30T11:42:02 IST" skipped="0">
  <testcase classname="com.comcastcrm.contacttest.CreateContactSupportDateTest" name="createOrgTest" time="14.550"/>
  <system-out/>
</testsuite> <!-- com.comcastcrm.contacttest.CreateContactSupportDateTest -->
