<?xml version="1.0" encoding="UTF-8"?>
<!-- Generated by org.testng.reporters.JUnitReportReporter -->
<testsuite hostname="TYSS-Deepak" failures="0" tests="1" name="com.comcastcrm.contacttest.CreateContactTest" time="12.992" errors="0" timestamp="2023-06-30T11:23:03 IST" skipped="0">
  <testcase classname="com.comcastcrm.contacttest.CreateContactTest" name="createOrgTest" time="12.992"/>
  <system-out/>
</testsuite> <!-- com.comcastcrm.contacttest.CreateContactTest -->
