<?xml version="1.0" encoding="UTF-8"?>
<!-- Generated by org.testng.reporters.JUnitReportReporter -->
<testsuite hostname="TYC1221031" failures="0" tests="2" name="practice.LoginToApplication" time="16.283" errors="0" timestamp="2023-07-06T13:16:43 IST" skipped="0">
  <testcase classname="practice.LoginToApplication" name="login" time="8.490"/>
  <system-out/>
  <testcase classname="practice.LoginToApplication" name="login" time="7.793"/>
  <system-out/>
</testsuite> <!-- practice.LoginToApplication -->
